Using pre-set license
Built from '2021.3/staging' branch; Version is '2021.3.3f1 (af2e63e8f9bd) revision 11480675'; Using compiler version '192829333'; Build Type 'Release'
OS: 'Windows 10  (10.0.19044) 64bit Professional' Language: 'en' Physical Memory: 49086 MB
BatchMode: 1, IsHumanControllingUs: 0, StartBugReporterOnCrash: 0, Is64bit: 1, IsPro: 1

COMMAND LINE ARGUMENTS:
C:\Program Files\Unity\Hub\Editor\2021.3.3f1\Editor\Unity.exe
-adb2
-batchMode
-noUpm
-name
AssetImportWorker4
-projectPath
C:/Users/Kili/Projects/UnityGAMvlast/Ahhhhhh
-logFile
Logs/AssetImportWorker4.log
-srvPort
62934
Successfully changed project path to: C:/Users/Kili/Projects/UnityGAMvlast/Ahhhhhh
C:/Users/Kili/Projects/UnityGAMvlast/Ahhhhhh
[UnityMemory] Configuration Parameters - Can be set up in boot.config
    "memorysetup-bucket-allocator-granularity=16"
    "memorysetup-bucket-allocator-bucket-count=8"
    "memorysetup-bucket-allocator-block-size=33554432"
    "memorysetup-bucket-allocator-block-count=8"
    "memorysetup-main-allocator-block-size=16777216"
    "memorysetup-thread-allocator-block-size=16777216"
    "memorysetup-gfx-main-allocator-block-size=16777216"
    "memorysetup-gfx-thread-allocator-block-size=16777216"
    "memorysetup-cache-allocator-block-size=4194304"
    "memorysetup-typetree-allocator-block-size=2097152"
    "memorysetup-profiler-bucket-allocator-granularity=16"
    "memorysetup-profiler-bucket-allocator-bucket-count=8"
    "memorysetup-profiler-bucket-allocator-block-size=33554432"
    "memorysetup-profiler-bucket-allocator-block-count=8"
    "memorysetup-profiler-allocator-block-size=16777216"
    "memorysetup-profiler-editor-allocator-block-size=1048576"
    "memorysetup-temp-allocator-size-main=16777216"
    "memorysetup-job-temp-allocator-block-size=2097152"
    "memorysetup-job-temp-allocator-block-size-background=1048576"
    "memorysetup-job-temp-allocator-reduction-small-platforms=262144"
    "memorysetup-temp-allocator-size-background-worker=32768"
    "memorysetup-temp-allocator-size-job-worker=262144"
    "memorysetup-temp-allocator-size-preload-manager=33554432"
    "memorysetup-temp-allocator-size-nav-mesh-worker=65536"
    "memorysetup-temp-allocator-size-audio-worker=65536"
    "memorysetup-temp-allocator-size-cloud-worker=32768"
    "memorysetup-temp-allocator-size-gi-baking-worker=262144"
    "memorysetup-temp-allocator-size-gfx=262144"
Refreshing native plugins compatible for Editor in 38.70 ms, found 3 plugins.
Preloading 0 native plugins for Editor in 0.00 ms.
Initialize engine version: 2021.3.3f1 (af2e63e8f9bd)
[Subsystems] Discovering subsystems at path C:/Program Files/Unity/Hub/Editor/2021.3.3f1/Editor/Data/Resources/UnitySubsystems
[Subsystems] Discovering subsystems at path C:/Users/Kili/Projects/UnityGAMvlast/Ahhhhhh/Assets
GfxDevice: creating device client; threaded=0; jobified=0
Direct3D:
    Version:  Direct3D 11.0 [level 11.1]
    Renderer: NVIDIA GeForce RTX 2080 SUPER (ID=0x1e81)
    Vendor:   NVIDIA
    VRAM:     8010 MB
    Driver:   30.0.15.1215
Initialize mono
Mono path[0] = 'C:/Program Files/Unity/Hub/Editor/2021.3.3f1/Editor/Data/Managed'
Mono path[1] = 'C:/Program Files/Unity/Hub/Editor/2021.3.3f1/Editor/Data/MonoBleedingEdge/lib/mono/unityjit-win32'
Mono config path = 'C:/Program Files/Unity/Hub/Editor/2021.3.3f1/Editor/Data/MonoBleedingEdge/etc'
Using monoOptions --debugger-agent=transport=dt_socket,embedding=1,server=y,suspend=n,address=127.0.0.1:56568
Begin MonoManager ReloadAssembly
Registering precompiled unity dll's ...
Register platform support module: C:/Program Files/Unity/Hub/Editor/2021.3.3f1/Editor/Data/PlaybackEngines/WindowsStandaloneSupport/UnityEditor.WindowsStandalone.Extensions.dll
Registered in 0.007598 seconds.
Native extension for WindowsStandalone target not found
Refreshing native plugins compatible for Editor in 39.79 ms, found 3 plugins.
Preloading 0 native plugins for Editor in 0.00 ms.
Mono: successfully reloaded assembly
- Completed reload, in  0.590 seconds
Domain Reload Profiling:
	ReloadAssembly (591ms)
		BeginReloadAssembly (75ms)
			ExecutionOrderSort (0ms)
			DisableScriptedObjects (0ms)
			BackupInstance (0ms)
			ReleaseScriptingObjects (0ms)
			CreateAndSetChildDomain (1ms)
		EndReloadAssembly (406ms)
			LoadAssemblies (73ms)
			RebuildTransferFunctionScriptingTraits (0ms)
			SetupTypeCache (111ms)
			ReleaseScriptCaches (0ms)
			RebuildScriptCaches (27ms)
			SetupLoadedEditorAssemblies (221ms)
				LogAssemblyErrors (0ms)
				InitializePlatformSupportModulesInManaged (7ms)
				SetLoadedEditorAssemblies (0ms)
				RefreshPlugins (40ms)
				BeforeProcessingInitializeOnLoad (1ms)
				ProcessInitializeOnLoadAttributes (123ms)
				ProcessInitializeOnLoadMethodAttributes (49ms)
				AfterProcessingInitializeOnLoad (0ms)
				EditorAssembliesLoaded (0ms)
			ExecutionOrderSort2 (0ms)
			AwakeInstancesAfterBackupRestoration (0ms)
Platform modules already initialized, skipping
Registering precompiled user dll's ...
Registered in 0.006575 seconds.
Begin MonoManager ReloadAssembly
Native extension for WindowsStandalone target not found
Refreshing native plugins compatible for Editor in 36.02 ms, found 3 plugins.
Preloading 0 native plugins for Editor in 0.00 ms.
Mono: successfully reloaded assembly
- Completed reload, in  0.909 seconds
Domain Reload Profiling:
	ReloadAssembly (910ms)
		BeginReloadAssembly (97ms)
			ExecutionOrderSort (0ms)
			DisableScriptedObjects (5ms)
			BackupInstance (0ms)
			ReleaseScriptingObjects (0ms)
			CreateAndSetChildDomain (19ms)
		EndReloadAssembly (710ms)
			LoadAssemblies (70ms)
			RebuildTransferFunctionScriptingTraits (0ms)
			SetupTypeCache (194ms)
			ReleaseScriptCaches (1ms)
			RebuildScriptCaches (46ms)
			SetupLoadedEditorAssemblies (357ms)
				LogAssemblyErrors (0ms)
				InitializePlatformSupportModulesInManaged (5ms)
				SetLoadedEditorAssemblies (0ms)
				RefreshPlugins (36ms)
				BeforeProcessingInitializeOnLoad (65ms)
				ProcessInitializeOnLoadAttributes (208ms)
				ProcessInitializeOnLoadMethodAttributes (35ms)
				AfterProcessingInitializeOnLoad (8ms)
				EditorAssembliesLoaded (0ms)
			ExecutionOrderSort2 (0ms)
			AwakeInstancesAfterBackupRestoration (8ms)
Platform modules already initialized, skipping
========================================================================
Worker process is ready to serve import requests
Launched and connected shader compiler UnityShaderCompiler.exe after 0.07 seconds
Refreshing native plugins compatible for Editor in 0.61 ms, found 3 plugins.
Preloading 0 native plugins for Editor in 0.00 ms.
Unloading 2635 Unused Serialized files (Serialized files now loaded: 0)
Unloading 47 unused Assets / (128.6 KB). Loaded Objects now: 3095.
Memory consumption went from 115.0 MB to 114.9 MB.
Total: 3.255800 ms (FindLiveObjects: 0.217600 ms CreateObjectMapping: 0.125900 ms MarkObjects: 2.833200 ms  DeleteObjects: 0.078000 ms)

AssetImportParameters requested are different than current active one (requested -> active):
  custom:video-decoder-ogg-theora: a1e56fd34408186e4bbccfd4996cb3dc -> 
  custom:container-muxer-webm: aa71ff27fc2769a1b78a27578f13a17b -> 
  custom:container-demuxer-webm: 4f35f7cbe854078d1ac9338744f61a02 -> 
  custom:video-encoder-webm-vp8: eb34c28f22e8b96e1ab97ce403110664 -> 
  custom:audio-encoder-webm-vorbis: bf7c407c2cedff20999df2af8eb42d56 -> 
  custom:framework-win-MediaFoundation: 216162199b28c13a410421893ffa2e32 -> 
  custom:container-demuxer-ogg: 62fdf1f143b41e24485cea50d1cbac27 -> 
  custom:video-decoder-webm-vp8: 9c59270c3fd7afecdb556c50c9e8de78 -> 
  custom:audio-decoder-ogg-vorbis: bf7c407c2cedff20999df2af8eb42d56 -> 
========================================================================
Received Import Request.
  Time since last request: 343678.947704 seconds.
  path: Assets/ItemsToPickUp/Gems/Scripts/Gem.cs
  artifactKey: Guid(fd991b28c5a121b4aa9b6a04abfa459b) Importer(815301076,1909f56bfc062723c751e8b465ee728b)
Start importing Assets/ItemsToPickUp/Gems/Scripts/Gem.cs using Guid(fd991b28c5a121b4aa9b6a04abfa459b) Importer(815301076,1909f56bfc062723c751e8b465ee728b)  -> (artifact id: '68c9b9cdc518a2758a12283a600b6093') in 0.036586 seconds 
========================================================================
Received Import Request.
  Time since last request: 1.611104 seconds.
  path: Assets/ItemsToPickUp/Gems/Scripts/Gem1.cs
  artifactKey: Guid(7bacdddd05e20134195ee8df1f67f76b) Importer(815301076,1909f56bfc062723c751e8b465ee728b)
Start importing Assets/ItemsToPickUp/Gems/Scripts/Gem1.cs using Guid(7bacdddd05e20134195ee8df1f67f76b) Importer(815301076,1909f56bfc062723c751e8b465ee728b)  -> (artifact id: '97ff210969c9177bc66d7fae4c1e2279') in 0.004611 seconds 
========================================================================
Received Import Request.
  Time since last request: 0.434965 seconds.
  path: Assets/ItemsToPickUp/Gems/Scripts/Gem2.cs
  artifactKey: Guid(6519d36a89be4eb4587e49f353893ec3) Importer(815301076,1909f56bfc062723c751e8b465ee728b)
Start importing Assets/ItemsToPickUp/Gems/Scripts/Gem2.cs using Guid(6519d36a89be4eb4587e49f353893ec3) Importer(815301076,1909f56bfc062723c751e8b465ee728b)  -> (artifact id: '8bcc72bcc397e21b4a7d4330afd2497b') in 0.009306 seconds 
========================================================================
Received Import Request.
  Time since last request: 0.446285 seconds.
  path: Assets/ItemsToPickUp/Gems/Scripts/Gem3.cs
  artifactKey: Guid(9af5982f4ada478459964c4c900dc40d) Importer(815301076,1909f56bfc062723c751e8b465ee728b)
Start importing Assets/ItemsToPickUp/Gems/Scripts/Gem3.cs using Guid(9af5982f4ada478459964c4c900dc40d) Importer(815301076,1909f56bfc062723c751e8b465ee728b)  -> (artifact id: 'da16b8cb40c220da633c1fff9f70d15b') in 0.007615 seconds 
========================================================================
Received Import Request.
  Time since last request: 0.505064 seconds.
  path: Assets/ItemsToPickUp/Gems/Scripts/Gem4.cs
  artifactKey: Guid(229789ee384efb640b56080d2d183778) Importer(815301076,1909f56bfc062723c751e8b465ee728b)
Start importing Assets/ItemsToPickUp/Gems/Scripts/Gem4.cs using Guid(229789ee384efb640b56080d2d183778) Importer(815301076,1909f56bfc062723c751e8b465ee728b)  -> (artifact id: 'a9ffaaa7dcbf5e223d430da818d59892') in 0.008757 seconds 
========================================================================
Received Import Request.
  Time since last request: 0.601807 seconds.
  path: Assets/ItemsToPickUp/Gems/Scripts/Gem5.cs
  artifactKey: Guid(81b8fe336c131824d960408f4d8df5fb) Importer(815301076,1909f56bfc062723c751e8b465ee728b)
Start importing Assets/ItemsToPickUp/Gems/Scripts/Gem5.cs using Guid(81b8fe336c131824d960408f4d8df5fb) Importer(815301076,1909f56bfc062723c751e8b465ee728b)  -> (artifact id: '56924a8865ff54211c0c6a8c489d3aed') in 0.005468 seconds 
========================================================================
Received Import Request.
  Time since last request: 0.494704 seconds.
  path: Assets/ItemsToPickUp/Gems/Scripts/Gem6.cs
  artifactKey: Guid(bd86934ac9f92d649aa76cea62053ec3) Importer(815301076,1909f56bfc062723c751e8b465ee728b)
Start importing Assets/ItemsToPickUp/Gems/Scripts/Gem6.cs using Guid(bd86934ac9f92d649aa76cea62053ec3) Importer(815301076,1909f56bfc062723c751e8b465ee728b)  -> (artifact id: '2e9a7b1e2ba8db017c5b96c07fa9b3f8') in 0.006258 seconds 
========================================================================
Received Import Request.
  Time since last request: 5.072123 seconds.
  path: Assets/ItemsToPickUp/Gems/Prefabs/Gem 1.prefab
  artifactKey: Guid(8e9453694dbe3d34b89e25650e9efd1e) Importer(815301076,1909f56bfc062723c751e8b465ee728b)
Start importing Assets/ItemsToPickUp/Gems/Prefabs/Gem 1.prefab using Guid(8e9453694dbe3d34b89e25650e9efd1e) Importer(815301076,1909f56bfc062723c751e8b465ee728b) Tried select unknown importer for id '-2' '00000000000000000000000000000000'
 -> (artifact id: '102c621d16abd3d0a9fcb4309b3db6cd') in 0.101334 seconds 
========================================================================
Received Import Request.
  Time since last request: 9.572746 seconds.
  path: Assets/ItemsToPickUp/Gems/Prefabs/Gem 1.prefab
  artifactKey: Guid(8e9453694dbe3d34b89e25650e9efd1e) Importer(815301076,1909f56bfc062723c751e8b465ee728b)
Start importing Assets/ItemsToPickUp/Gems/Prefabs/Gem 1.prefab using Guid(8e9453694dbe3d34b89e25650e9efd1e) Importer(815301076,1909f56bfc062723c751e8b465ee728b)  -> (artifact id: '1cfdceac0530692ae61531772bba0c40') in 0.032016 seconds 
========================================================================
Received Import Request.
  Time since last request: 22.102922 seconds.
  path: Assets/ItemsToPickUp/Gems/Scripts/Gem1.cs
  artifactKey: Guid(7bacdddd05e20134195ee8df1f67f76b) Importer(815301076,1909f56bfc062723c751e8b465ee728b)
Start importing Assets/ItemsToPickUp/Gems/Scripts/Gem1.cs using Guid(7bacdddd05e20134195ee8df1f67f76b) Importer(815301076,1909f56bfc062723c751e8b465ee728b)  -> (artifact id: '621a9489c640c300f48c55580dc161d1') in 0.001892 seconds 
========================================================================
Received Prepare
Registering precompiled user dll's ...
Registered in 0.006433 seconds.
Begin MonoManager ReloadAssembly
Native extension for WindowsStandalone target not found
Refreshing native plugins compatible for Editor in 0.54 ms, found 3 plugins.
Preloading 0 native plugins for Editor in 0.00 ms.
Mono: successfully reloaded assembly
- Completed reload, in  1.030 seconds
Domain Reload Profiling:
	ReloadAssembly (1030ms)
		BeginReloadAssembly (127ms)
			ExecutionOrderSort (0ms)
			DisableScriptedObjects (5ms)
			BackupInstance (0ms)
			ReleaseScriptingObjects (0ms)
			CreateAndSetChildDomain (37ms)
		EndReloadAssembly (801ms)
			LoadAssemblies (78ms)
			RebuildTransferFunctionScriptingTraits (0ms)
			SetupTypeCache (201ms)
			ReleaseScriptCaches (1ms)
			RebuildScriptCaches (61ms)
			SetupLoadedEditorAssemblies (408ms)
				LogAssemblyErrors (0ms)
				InitializePlatformSupportModulesInManaged (11ms)
				SetLoadedEditorAssemblies (0ms)
				RefreshPlugins (1ms)
				BeforeProcessingInitializeOnLoad (104ms)
				ProcessInitializeOnLoadAttributes (232ms)
				ProcessInitializeOnLoadMethodAttributes (50ms)
				AfterProcessingInitializeOnLoad (10ms)
				EditorAssembliesLoaded (0ms)
			ExecutionOrderSort2 (0ms)
			AwakeInstancesAfterBackupRestoration (15ms)
Platform modules already initialized, skipping
Refreshing native plugins compatible for Editor in 1.89 ms, found 3 plugins.
Preloading 0 native plugins for Editor in 0.00 ms.
Unloading 2630 Unused Serialized files (Serialized files now loaded: 0)
Unloading 22 unused Assets / (102.5 KB). Loaded Objects now: 3110.
Memory consumption went from 118.5 MB to 118.4 MB.
Total: 2.567100 ms (FindLiveObjects: 0.188900 ms CreateObjectMapping: 0.101600 ms MarkObjects: 2.245700 ms  DeleteObjects: 0.029900 ms)

AssetImportParameters requested are different than current active one (requested -> active):
  custom:video-decoder-ogg-theora: a1e56fd34408186e4bbccfd4996cb3dc -> 
  custom:container-muxer-webm: aa71ff27fc2769a1b78a27578f13a17b -> 
  custom:container-demuxer-webm: 4f35f7cbe854078d1ac9338744f61a02 -> 
  custom:video-encoder-webm-vp8: eb34c28f22e8b96e1ab97ce403110664 -> 
  custom:audio-encoder-webm-vorbis: bf7c407c2cedff20999df2af8eb42d56 -> 
  custom:framework-win-MediaFoundation: 216162199b28c13a410421893ffa2e32 -> 
  custom:container-demuxer-ogg: 62fdf1f143b41e24485cea50d1cbac27 -> 
  custom:video-decoder-webm-vp8: 9c59270c3fd7afecdb556c50c9e8de78 -> 
  custom:audio-decoder-ogg-vorbis: bf7c407c2cedff20999df2af8eb42d56 -> 
========================================================================
Received Prepare
Registering precompiled user dll's ...
Registered in 0.005683 seconds.
Begin MonoManager ReloadAssembly
Native extension for WindowsStandalone target not found
Refreshing native plugins compatible for Editor in 0.53 ms, found 3 plugins.
Preloading 0 native plugins for Editor in 0.00 ms.
Mono: successfully reloaded assembly
- Completed reload, in  0.933 seconds
Domain Reload Profiling:
	ReloadAssembly (934ms)
		BeginReloadAssembly (126ms)
			ExecutionOrderSort (0ms)
			DisableScriptedObjects (5ms)
			BackupInstance (0ms)
			ReleaseScriptingObjects (0ms)
			CreateAndSetChildDomain (36ms)
		EndReloadAssembly (717ms)
			LoadAssemblies (78ms)
			RebuildTransferFunctionScriptingTraits (0ms)
			SetupTypeCache (216ms)
			ReleaseScriptCaches (1ms)
			RebuildScriptCaches (62ms)
			SetupLoadedEditorAssemblies (317ms)
				LogAssemblyErrors (0ms)
				InitializePlatformSupportModulesInManaged (12ms)
				SetLoadedEditorAssemblies (0ms)
				RefreshPlugins (1ms)
				BeforeProcessingInitializeOnLoad (74ms)
				ProcessInitializeOnLoadAttributes (188ms)
				ProcessInitializeOnLoadMethodAttributes (35ms)
				AfterProcessingInitializeOnLoad (8ms)
				EditorAssembliesLoaded (0ms)
			ExecutionOrderSort2 (0ms)
			AwakeInstancesAfterBackupRestoration (13ms)
Platform modules already initialized, skipping
Refreshing native plugins compatible for Editor in 1.76 ms, found 3 plugins.
Preloading 0 native plugins for Editor in 0.00 ms.
Unloading 2630 Unused Serialized files (Serialized files now loaded: 0)
Unloading 22 unused Assets / (102.5 KB). Loaded Objects now: 3113.
Memory consumption went from 118.5 MB to 118.4 MB.
Total: 2.808900 ms (FindLiveObjects: 0.191100 ms CreateObjectMapping: 0.098700 ms MarkObjects: 2.488700 ms  DeleteObjects: 0.029400 ms)

AssetImportParameters requested are different than current active one (requested -> active):
  custom:video-decoder-ogg-theora: a1e56fd34408186e4bbccfd4996cb3dc -> 
  custom:container-muxer-webm: aa71ff27fc2769a1b78a27578f13a17b -> 
  custom:container-demuxer-webm: 4f35f7cbe854078d1ac9338744f61a02 -> 
  custom:video-encoder-webm-vp8: eb34c28f22e8b96e1ab97ce403110664 -> 
  custom:audio-encoder-webm-vorbis: bf7c407c2cedff20999df2af8eb42d56 -> 
  custom:framework-win-MediaFoundation: 216162199b28c13a410421893ffa2e32 -> 
  custom:container-demuxer-ogg: 62fdf1f143b41e24485cea50d1cbac27 -> 
  custom:video-decoder-webm-vp8: 9c59270c3fd7afecdb556c50c9e8de78 -> 
  custom:audio-decoder-ogg-vorbis: bf7c407c2cedff20999df2af8eb42d56 -> 
========================================================================
Received Import Request.
  Time since last request: 131.703599 seconds.
  path: Assets/ItemsToPickUp/Gems/Scripts/Gem2.cs
  artifactKey: Guid(6519d36a89be4eb4587e49f353893ec3) Importer(815301076,1909f56bfc062723c751e8b465ee728b)
Start importing Assets/ItemsToPickUp/Gems/Scripts/Gem2.cs using Guid(6519d36a89be4eb4587e49f353893ec3) Importer(815301076,1909f56bfc062723c751e8b465ee728b)  -> (artifact id: 'ae936ebb87b48b9be271e8193eb39a15') in 0.009175 seconds 
========================================================================
Received Import Request.
  Time since last request: 1.193295 seconds.
  path: Assets/ItemsToPickUp/Gems/Scripts/Gem3.cs
  artifactKey: Guid(9af5982f4ada478459964c4c900dc40d) Importer(815301076,1909f56bfc062723c751e8b465ee728b)
Start importing Assets/ItemsToPickUp/Gems/Scripts/Gem3.cs using Guid(9af5982f4ada478459964c4c900dc40d) Importer(815301076,1909f56bfc062723c751e8b465ee728b)  -> (artifact id: '61113604ea9475d9a812427783fef163') in 0.005913 seconds 
========================================================================
Received Import Request.
  Time since last request: 1.214396 seconds.
  path: Assets/ItemsToPickUp/Gems/Scripts/Gem4.cs
  artifactKey: Guid(229789ee384efb640b56080d2d183778) Importer(815301076,1909f56bfc062723c751e8b465ee728b)
Start importing Assets/ItemsToPickUp/Gems/Scripts/Gem4.cs using Guid(229789ee384efb640b56080d2d183778) Importer(815301076,1909f56bfc062723c751e8b465ee728b)  -> (artifact id: '5f5f15077aed662fc2e050ff4045b12c') in 0.002116 seconds 
========================================================================
Received Import Request.
  Time since last request: 1.833226 seconds.
  path: Assets/ItemsToPickUp/Gems/Scripts/Gem5.cs
  artifactKey: Guid(81b8fe336c131824d960408f4d8df5fb) Importer(815301076,1909f56bfc062723c751e8b465ee728b)
Start importing Assets/ItemsToPickUp/Gems/Scripts/Gem5.cs using Guid(81b8fe336c131824d960408f4d8df5fb) Importer(815301076,1909f56bfc062723c751e8b465ee728b)  -> (artifact id: '68cb0fe647568fa150b5801da0c16c68') in 0.005576 seconds 
========================================================================
Received Prepare
Registering precompiled user dll's ...
Registered in 0.005909 seconds.
Begin MonoManager ReloadAssembly
Native extension for WindowsStandalone target not found
Refreshing native plugins compatible for Editor in 0.53 ms, found 3 plugins.
Preloading 0 native plugins for Editor in 0.00 ms.
Mono: successfully reloaded assembly
- Completed reload, in  0.952 seconds
Domain Reload Profiling:
	ReloadAssembly (953ms)
		BeginReloadAssembly (127ms)
			ExecutionOrderSort (0ms)
			DisableScriptedObjects (8ms)
			BackupInstance (0ms)
			ReleaseScriptingObjects (0ms)
			CreateAndSetChildDomain (39ms)
		EndReloadAssembly (727ms)
			LoadAssemblies (77ms)
			RebuildTransferFunctionScriptingTraits (0ms)
			SetupTypeCache (204ms)
			ReleaseScriptCaches (1ms)
			RebuildScriptCaches (57ms)
			SetupLoadedEditorAssemblies (336ms)
				LogAssemblyErrors (0ms)
				InitializePlatformSupportModulesInManaged (12ms)
				SetLoadedEditorAssemblies (0ms)
				RefreshPlugins (1ms)
				BeforeProcessingInitializeOnLoad (73ms)
				ProcessInitializeOnLoadAttributes (203ms)
				ProcessInitializeOnLoadMethodAttributes (37ms)
				AfterProcessingInitializeOnLoad (9ms)
				EditorAssembliesLoaded (0ms)
			ExecutionOrderSort2 (0ms)
			AwakeInstancesAfterBackupRestoration (11ms)
Platform modules already initialized, skipping
Refreshing native plugins compatible for Editor in 1.81 ms, found 3 plugins.
Preloading 0 native plugins for Editor in 0.00 ms.
Unloading 2630 Unused Serialized files (Serialized files now loaded: 0)
Unloading 22 unused Assets / (102.5 KB). Loaded Objects now: 3116.
Memory consumption went from 118.5 MB to 118.4 MB.
Total: 3.596900 ms (FindLiveObjects: 0.265200 ms CreateObjectMapping: 0.229800 ms MarkObjects: 3.054700 ms  DeleteObjects: 0.045700 ms)

AssetImportParameters requested are different than current active one (requested -> active):
  custom:video-decoder-ogg-theora: a1e56fd34408186e4bbccfd4996cb3dc -> 
  custom:container-muxer-webm: aa71ff27fc2769a1b78a27578f13a17b -> 
  custom:container-demuxer-webm: 4f35f7cbe854078d1ac9338744f61a02 -> 
  custom:video-encoder-webm-vp8: eb34c28f22e8b96e1ab97ce403110664 -> 
  custom:audio-encoder-webm-vorbis: bf7c407c2cedff20999df2af8eb42d56 -> 
  custom:framework-win-MediaFoundation: 216162199b28c13a410421893ffa2e32 -> 
  custom:container-demuxer-ogg: 62fdf1f143b41e24485cea50d1cbac27 -> 
  custom:video-decoder-webm-vp8: 9c59270c3fd7afecdb556c50c9e8de78 -> 
  custom:audio-decoder-ogg-vorbis: bf7c407c2cedff20999df2af8eb42d56 -> 
========================================================================
Received Prepare
Registering precompiled user dll's ...
Registered in 0.006270 seconds.
Begin MonoManager ReloadAssembly
Native extension for WindowsStandalone target not found
Refreshing native plugins compatible for Editor in 0.52 ms, found 3 plugins.
Preloading 0 native plugins for Editor in 0.00 ms.
Mono: successfully reloaded assembly
- Completed reload, in  0.972 seconds
Domain Reload Profiling:
	ReloadAssembly (972ms)
		BeginReloadAssembly (115ms)
			ExecutionOrderSort (0ms)
			DisableScriptedObjects (5ms)
			BackupInstance (0ms)
			ReleaseScriptingObjects (0ms)
			CreateAndSetChildDomain (32ms)
		EndReloadAssembly (760ms)
			LoadAssemblies (75ms)
			RebuildTransferFunctionScriptingTraits (0ms)
			SetupTypeCache (204ms)
			ReleaseScriptCaches (1ms)
			RebuildScriptCaches (59ms)
			SetupLoadedEditorAssemblies (363ms)
				LogAssemblyErrors (0ms)
				InitializePlatformSupportModulesInManaged (13ms)
				SetLoadedEditorAssemblies (1ms)
				RefreshPlugins (1ms)
				BeforeProcessingInitializeOnLoad (82ms)
				ProcessInitializeOnLoadAttributes (220ms)
				ProcessInitializeOnLoadMethodAttributes (38ms)
				AfterProcessingInitializeOnLoad (9ms)
				EditorAssembliesLoaded (0ms)
			ExecutionOrderSort2 (0ms)
			AwakeInstancesAfterBackupRestoration (11ms)
Platform modules already initialized, skipping
Refreshing native plugins compatible for Editor in 2.17 ms, found 3 plugins.
Preloading 0 native plugins for Editor in 0.00 ms.
Unloading 2630 Unused Serialized files (Serialized files now loaded: 0)
Unloading 22 unused Assets / (102.5 KB). Loaded Objects now: 3119.
Memory consumption went from 118.5 MB to 118.5 MB.
Total: 3.295100 ms (FindLiveObjects: 0.202400 ms CreateObjectMapping: 0.107800 ms MarkObjects: 2.937500 ms  DeleteObjects: 0.046200 ms)

AssetImportParameters requested are different than current active one (requested -> active):
  custom:video-decoder-ogg-theora: a1e56fd34408186e4bbccfd4996cb3dc -> 
  custom:container-muxer-webm: aa71ff27fc2769a1b78a27578f13a17b -> 
  custom:container-demuxer-webm: 4f35f7cbe854078d1ac9338744f61a02 -> 
  custom:video-encoder-webm-vp8: eb34c28f22e8b96e1ab97ce403110664 -> 
  custom:audio-encoder-webm-vorbis: bf7c407c2cedff20999df2af8eb42d56 -> 
  custom:framework-win-MediaFoundation: 216162199b28c13a410421893ffa2e32 -> 
  custom:container-demuxer-ogg: 62fdf1f143b41e24485cea50d1cbac27 -> 
  custom:video-decoder-webm-vp8: 9c59270c3fd7afecdb556c50c9e8de78 -> 
  custom:audio-decoder-ogg-vorbis: bf7c407c2cedff20999df2af8eb42d56 -> 
========================================================================
Received Import Request.
  Time since last request: 170.304841 seconds.
  path: Assets/ItemsToPickUp/Gems/Prefabs/Gem 2.prefab
  artifactKey: Guid(20fa063ecb60b6645b247b6147673037) Importer(815301076,1909f56bfc062723c751e8b465ee728b)
Start importing Assets/ItemsToPickUp/Gems/Prefabs/Gem 2.prefab using Guid(20fa063ecb60b6645b247b6147673037) Importer(815301076,1909f56bfc062723c751e8b465ee728b) Tried select unknown importer for id '-2' '00000000000000000000000000000000'
 -> (artifact id: 'b3a7b4de8be1be3ee0acd558df039e0d') in 0.067044 seconds 
========================================================================
Received Import Request.
  Time since last request: 0.000018 seconds.
  path: Assets/ItemsToPickUp/Gems/Prefabs/Gem 4.prefab
  artifactKey: Guid(4f6ceba3c411d0b438cb0bd6ae5defd2) Importer(815301076,1909f56bfc062723c751e8b465ee728b)
Start importing Assets/ItemsToPickUp/Gems/Prefabs/Gem 4.prefab using Guid(4f6ceba3c411d0b438cb0bd6ae5defd2) Importer(815301076,1909f56bfc062723c751e8b465ee728b) Tried select unknown importer for id '-2' '00000000000000000000000000000000'
 -> (artifact id: 'c481f996b83fcc0db22dc8d091fdb5ff') in 0.011093 seconds 
========================================================================
Received Import Request.
  Time since last request: 0.000054 seconds.
  path: Assets/ItemsToPickUp/Gems/Prefabs/Gem 5.prefab
  artifactKey: Guid(7b354e533b87fba4c97c9333aa8c49a1) Importer(815301076,1909f56bfc062723c751e8b465ee728b)
Start importing Assets/ItemsToPickUp/Gems/Prefabs/Gem 5.prefab using Guid(7b354e533b87fba4c97c9333aa8c49a1) Importer(815301076,1909f56bfc062723c751e8b465ee728b) Tried select unknown importer for id '-2' '00000000000000000000000000000000'
 -> (artifact id: '9736d0b75daf1e3931e4066fffbc272d') in 0.014421 seconds 
========================================================================
Received Import Request.
  Time since last request: 24.366654 seconds.
  path: Assets/ItemsToPickUp/Gems/Prefabs/Gem 2.prefab
  artifactKey: Guid(20fa063ecb60b6645b247b6147673037) Importer(815301076,1909f56bfc062723c751e8b465ee728b)
Start importing Assets/ItemsToPickUp/Gems/Prefabs/Gem 2.prefab using Guid(20fa063ecb60b6645b247b6147673037) Importer(815301076,1909f56bfc062723c751e8b465ee728b)  -> (artifact id: 'c47f2ea1802680d6aa87cddca972119b') in 0.010594 seconds 
========================================================================
Received Import Request.
  Time since last request: 4.334309 seconds.
  path: Assets/ItemsToPickUp/Gems/Prefabs/Gem 3.prefab
  artifactKey: Guid(0620f1df52215284bb89eb72464f2ddc) Importer(815301076,1909f56bfc062723c751e8b465ee728b)
Start importing Assets/ItemsToPickUp/Gems/Prefabs/Gem 3.prefab using Guid(0620f1df52215284bb89eb72464f2ddc) Importer(815301076,1909f56bfc062723c751e8b465ee728b)  -> (artifact id: '8c12cdd1c3e0a5ae6095d49145cc1677') in 0.008827 seconds 
========================================================================
Received Import Request.
  Time since last request: 4.806713 seconds.
  path: Assets/ItemsToPickUp/Gems/Scripts/Gem5.cs
  artifactKey: Guid(81b8fe336c131824d960408f4d8df5fb) Importer(815301076,1909f56bfc062723c751e8b465ee728b)
Start importing Assets/ItemsToPickUp/Gems/Scripts/Gem5.cs using Guid(81b8fe336c131824d960408f4d8df5fb) Importer(815301076,1909f56bfc062723c751e8b465ee728b)  -> (artifact id: 'ac4254f9f55f3be4e85139d7e0e3ffc1') in 0.004391 seconds 
========================================================================
Received Import Request.
  Time since last request: 9.513432 seconds.
  path: Assets/ItemsToPickUp/Gems/Prefabs/Gem 4.prefab
  artifactKey: Guid(4f6ceba3c411d0b438cb0bd6ae5defd2) Importer(815301076,1909f56bfc062723c751e8b465ee728b)
Start importing Assets/ItemsToPickUp/Gems/Prefabs/Gem 4.prefab using Guid(4f6ceba3c411d0b438cb0bd6ae5defd2) Importer(815301076,1909f56bfc062723c751e8b465ee728b)  -> (artifact id: '420c1725873f4de1b65270f18cfb6ae3') in 0.008008 seconds 
========================================================================
Received Import Request.
  Time since last request: 6.580816 seconds.
  path: Assets/ItemsToPickUp/Gems/Prefabs/Gem 5.prefab
  artifactKey: Guid(7b354e533b87fba4c97c9333aa8c49a1) Importer(815301076,1909f56bfc062723c751e8b465ee728b)
Start importing Assets/ItemsToPickUp/Gems/Prefabs/Gem 5.prefab using Guid(7b354e533b87fba4c97c9333aa8c49a1) Importer(815301076,1909f56bfc062723c751e8b465ee728b)  -> (artifact id: '891b60d1f0b60876bf19bc7a153e7ac2') in 0.008563 seconds 
========================================================================
Received Import Request.
  Time since last request: 32.134069 seconds.
  path: Assets/ItemsToPickUp/Gems/Prefabs/Gem 6.prefab
  artifactKey: Guid(b755a98695fbff14aa91960a45eed3a4) Importer(815301076,1909f56bfc062723c751e8b465ee728b)
Start importing Assets/ItemsToPickUp/Gems/Prefabs/Gem 6.prefab using Guid(b755a98695fbff14aa91960a45eed3a4) Importer(815301076,1909f56bfc062723c751e8b465ee728b)  -> (artifact id: '07c3e090fb1abdd5ebc58128a1df8791') in 0.007109 seconds 
========================================================================
Received Prepare
Registering precompiled user dll's ...
Registered in 0.006159 seconds.
Begin MonoManager ReloadAssembly
Native extension for WindowsStandalone target not found
Refreshing native plugins compatible for Editor in 0.60 ms, found 3 plugins.
Preloading 0 native plugins for Editor in 0.00 ms.
Mono: successfully reloaded assembly
- Completed reload, in  0.999 seconds
Domain Reload Profiling:
	ReloadAssembly (1000ms)
		BeginReloadAssembly (137ms)
			ExecutionOrderSort (0ms)
			DisableScriptedObjects (5ms)
			BackupInstance (0ms)
			ReleaseScriptingObjects (0ms)
			CreateAndSetChildDomain (35ms)
		EndReloadAssembly (760ms)
			LoadAssemblies (95ms)
			RebuildTransferFunctionScriptingTraits (0ms)
			SetupTypeCache (203ms)
			ReleaseScriptCaches (2ms)
			RebuildScriptCaches (64ms)
			SetupLoadedEditorAssemblies (351ms)
				LogAssemblyErrors (0ms)
				InitializePlatformSupportModulesInManaged (12ms)
				SetLoadedEditorAssemblies (0ms)
				RefreshPlugins (1ms)
				BeforeProcessingInitializeOnLoad (70ms)
				ProcessInitializeOnLoadAttributes (219ms)
				ProcessInitializeOnLoadMethodAttributes (40ms)
				AfterProcessingInitializeOnLoad (8ms)
				EditorAssembliesLoaded (0ms)
			ExecutionOrderSort2 (0ms)
			AwakeInstancesAfterBackupRestoration (11ms)
Platform modules already initialized, skipping
Refreshing native plugins compatible for Editor in 2.07 ms, found 3 plugins.
Preloading 0 native plugins for Editor in 0.00 ms.
Unloading 2630 Unused Serialized files (Serialized files now loaded: 0)
Unloading 22 unused Assets / (102.5 KB). Loaded Objects now: 3122.
Memory consumption went from 118.6 MB to 118.5 MB.
Total: 4.885000 ms (FindLiveObjects: 0.186800 ms CreateObjectMapping: 0.104200 ms MarkObjects: 4.553600 ms  DeleteObjects: 0.039500 ms)

AssetImportParameters requested are different than current active one (requested -> active):
  custom:video-decoder-ogg-theora: a1e56fd34408186e4bbccfd4996cb3dc -> 
  custom:container-muxer-webm: aa71ff27fc2769a1b78a27578f13a17b -> 
  custom:container-demuxer-webm: 4f35f7cbe854078d1ac9338744f61a02 -> 
  custom:video-encoder-webm-vp8: eb34c28f22e8b96e1ab97ce403110664 -> 
  custom:audio-encoder-webm-vorbis: bf7c407c2cedff20999df2af8eb42d56 -> 
  custom:framework-win-MediaFoundation: 216162199b28c13a410421893ffa2e32 -> 
  custom:container-demuxer-ogg: 62fdf1f143b41e24485cea50d1cbac27 -> 
  custom:video-decoder-webm-vp8: 9c59270c3fd7afecdb556c50c9e8de78 -> 
  custom:audio-decoder-ogg-vorbis: bf7c407c2cedff20999df2af8eb42d56 -> 
========================================================================
Received Prepare
Registering precompiled user dll's ...
Registered in 0.006547 seconds.
Begin MonoManager ReloadAssembly
Native extension for WindowsStandalone target not found
Refreshing native plugins compatible for Editor in 0.88 ms, found 3 plugins.
Preloading 0 native plugins for Editor in 0.00 ms.
Mono: successfully reloaded assembly
- Completed reload, in  0.980 seconds
Domain Reload Profiling:
	ReloadAssembly (981ms)
		BeginReloadAssembly (124ms)
			ExecutionOrderSort (0ms)
			DisableScriptedObjects (5ms)
			BackupInstance (0ms)
			ReleaseScriptingObjects (0ms)
			CreateAndSetChildDomain (37ms)
		EndReloadAssembly (761ms)
			LoadAssemblies (83ms)
			RebuildTransferFunctionScriptingTraits (0ms)
			SetupTypeCache (198ms)
			ReleaseScriptCaches (2ms)
			RebuildScriptCaches (54ms)
			SetupLoadedEditorAssemblies (376ms)
				LogAssemblyErrors (0ms)
				InitializePlatformSupportModulesInManaged (14ms)
				SetLoadedEditorAssemblies (1ms)
				RefreshPlugins (1ms)
				BeforeProcessingInitializeOnLoad (85ms)
				ProcessInitializeOnLoadAttributes (220ms)
				ProcessInitializeOnLoadMethodAttributes (45ms)
				AfterProcessingInitializeOnLoad (11ms)
				EditorAssembliesLoaded (0ms)
			ExecutionOrderSort2 (0ms)
			AwakeInstancesAfterBackupRestoration (11ms)
Platform modules already initialized, skipping
Refreshing native plugins compatible for Editor in 2.28 ms, found 3 plugins.
Preloading 0 native plugins for Editor in 0.00 ms.
Unloading 2630 Unused Serialized files (Serialized files now loaded: 0)
Unloading 22 unused Assets / (102.5 KB). Loaded Objects now: 3125.
Memory consumption went from 118.6 MB to 118.5 MB.
Total: 3.349000 ms (FindLiveObjects: 0.271300 ms CreateObjectMapping: 0.125700 ms MarkObjects: 2.888000 ms  DeleteObjects: 0.062100 ms)

AssetImportParameters requested are different than current active one (requested -> active):
  custom:video-decoder-ogg-theora: a1e56fd34408186e4bbccfd4996cb3dc -> 
  custom:container-muxer-webm: aa71ff27fc2769a1b78a27578f13a17b -> 
  custom:container-demuxer-webm: 4f35f7cbe854078d1ac9338744f61a02 -> 
  custom:video-encoder-webm-vp8: eb34c28f22e8b96e1ab97ce403110664 -> 
  custom:audio-encoder-webm-vorbis: bf7c407c2cedff20999df2af8eb42d56 -> 
  custom:framework-win-MediaFoundation: 216162199b28c13a410421893ffa2e32 -> 
  custom:container-demuxer-ogg: 62fdf1f143b41e24485cea50d1cbac27 -> 
  custom:video-decoder-webm-vp8: 9c59270c3fd7afecdb556c50c9e8de78 -> 
  custom:audio-decoder-ogg-vorbis: bf7c407c2cedff20999df2af8eb42d56 -> 
========================================================================
Received Prepare
Registering precompiled user dll's ...
Registered in 0.006781 seconds.
Begin MonoManager ReloadAssembly
Native extension for WindowsStandalone target not found
Refreshing native plugins compatible for Editor in 0.77 ms, found 3 plugins.
Preloading 0 native plugins for Editor in 0.00 ms.
Mono: successfully reloaded assembly
- Completed reload, in  0.985 seconds
Domain Reload Profiling:
	ReloadAssembly (986ms)
		BeginReloadAssembly (124ms)
			ExecutionOrderSort (0ms)
			DisableScriptedObjects (6ms)
			BackupInstance (0ms)
			ReleaseScriptingObjects (0ms)
			CreateAndSetChildDomain (33ms)
		EndReloadAssembly (757ms)
			LoadAssemblies (77ms)
			RebuildTransferFunctionScriptingTraits (0ms)
			SetupTypeCache (195ms)
			ReleaseScriptCaches (2ms)
			RebuildScriptCaches (59ms)
			SetupLoadedEditorAssemblies (373ms)
				LogAssemblyErrors (0ms)
				InitializePlatformSupportModulesInManaged (13ms)
				SetLoadedEditorAssemblies (1ms)
				RefreshPlugins (1ms)
				BeforeProcessingInitializeOnLoad (81ms)
				ProcessInitializeOnLoadAttributes (228ms)
				ProcessInitializeOnLoadMethodAttributes (39ms)
				AfterProcessingInitializeOnLoad (9ms)
				EditorAssembliesLoaded (0ms)
			ExecutionOrderSort2 (0ms)
			AwakeInstancesAfterBackupRestoration (13ms)
Platform modules already initialized, skipping
Refreshing native plugins compatible for Editor in 2.00 ms, found 3 plugins.
Preloading 0 native plugins for Editor in 0.00 ms.
Unloading 2630 Unused Serialized files (Serialized files now loaded: 0)
Unloading 22 unused Assets / (102.5 KB). Loaded Objects now: 3128.
Memory consumption went from 118.6 MB to 118.5 MB.
Total: 2.809200 ms (FindLiveObjects: 0.195200 ms CreateObjectMapping: 0.094700 ms MarkObjects: 2.488900 ms  DeleteObjects: 0.029100 ms)

AssetImportParameters requested are different than current active one (requested -> active):
  custom:video-decoder-ogg-theora: a1e56fd34408186e4bbccfd4996cb3dc -> 
  custom:container-muxer-webm: aa71ff27fc2769a1b78a27578f13a17b -> 
  custom:container-demuxer-webm: 4f35f7cbe854078d1ac9338744f61a02 -> 
  custom:video-encoder-webm-vp8: eb34c28f22e8b96e1ab97ce403110664 -> 
  custom:audio-encoder-webm-vorbis: bf7c407c2cedff20999df2af8eb42d56 -> 
  custom:framework-win-MediaFoundation: 216162199b28c13a410421893ffa2e32 -> 
  custom:container-demuxer-ogg: 62fdf1f143b41e24485cea50d1cbac27 -> 
  custom:video-decoder-webm-vp8: 9c59270c3fd7afecdb556c50c9e8de78 -> 
  custom:audio-decoder-ogg-vorbis: bf7c407c2cedff20999df2af8eb42d56 -> 
========================================================================
Received Import Request.
  Time since last request: 426.111706 seconds.
  path: Assets/ItemsToPickUp/Gems/Prefabs/Gem 1.prefab
  artifactKey: Guid(8e9453694dbe3d34b89e25650e9efd1e) Importer(815301076,1909f56bfc062723c751e8b465ee728b)
Start importing Assets/ItemsToPickUp/Gems/Prefabs/Gem 1.prefab using Guid(8e9453694dbe3d34b89e25650e9efd1e) Importer(815301076,1909f56bfc062723c751e8b465ee728b)  -> (artifact id: '61bd326f480f844df2a4f229ee58d784') in 0.051538 seconds 
========================================================================
Received Import Request.
  Time since last request: 39.056802 seconds.
  path: Assets/UI/GemsCounter/GemsCounter.cs
  artifactKey: Guid(90952a290b4592041adf37857d58b9a5) Importer(815301076,1909f56bfc062723c751e8b465ee728b)
Start importing Assets/UI/GemsCounter/GemsCounter.cs using Guid(90952a290b4592041adf37857d58b9a5) Importer(815301076,1909f56bfc062723c751e8b465ee728b)  -> (artifact id: 'c62714644e564290bf6f4efe7ea9da36') in 0.004660 seconds 
========================================================================
Received Import Request.
  Time since last request: 11.433536 seconds.
  path: Assets/PlayerController/Prefabs/Player.prefab
  artifactKey: Guid(bf38bd032e874eb46a46db7985ee416b) Importer(815301076,1909f56bfc062723c751e8b465ee728b)
Start importing Assets/PlayerController/Prefabs/Player.prefab using Guid(bf38bd032e874eb46a46db7985ee416b) Importer(815301076,1909f56bfc062723c751e8b465ee728b)  -> (artifact id: 'da3f2586ec523128dad81ba11ee921de') in 0.018252 seconds 
========================================================================
Received Import Request.
  Time since last request: 2.276170 seconds.
  path: Assets/PlayerController/Scripts/PlayerController2D.cs
  artifactKey: Guid(8c628551fda1cd24a96c38f39ba0777a) Importer(815301076,1909f56bfc062723c751e8b465ee728b)
Start importing Assets/PlayerController/Scripts/PlayerController2D.cs using Guid(8c628551fda1cd24a96c38f39ba0777a) Importer(815301076,1909f56bfc062723c751e8b465ee728b)  -> (artifact id: '8d62c99f901e1d160a3cf2d46f8c1488') in 0.005104 seconds 
========================================================================
Received Prepare
Registering precompiled user dll's ...
Registered in 0.005671 seconds.
Begin MonoManager ReloadAssembly
Native extension for WindowsStandalone target not found
Refreshing native plugins compatible for Editor in 0.51 ms, found 3 plugins.
Preloading 0 native plugins for Editor in 0.00 ms.
Mono: successfully reloaded assembly
- Completed reload, in  1.007 seconds
Domain Reload Profiling:
	ReloadAssembly (1008ms)
		BeginReloadAssembly (130ms)
			ExecutionOrderSort (0ms)
			DisableScriptedObjects (5ms)
			BackupInstance (0ms)
			ReleaseScriptingObjects (0ms)
			CreateAndSetChildDomain (36ms)
		EndReloadAssembly (783ms)
			LoadAssemblies (91ms)
			RebuildTransferFunctionScriptingTraits (0ms)
			SetupTypeCache (210ms)
			ReleaseScriptCaches (2ms)
			RebuildScriptCaches (67ms)
			SetupLoadedEditorAssemblies (370ms)
				LogAssemblyErrors (0ms)
				InitializePlatformSupportModulesInManaged (13ms)
				SetLoadedEditorAssemblies (0ms)
				RefreshPlugins (1ms)
				BeforeProcessingInitializeOnLoad (80ms)
				ProcessInitializeOnLoadAttributes (229ms)
				ProcessInitializeOnLoadMethodAttributes (37ms)
				AfterProcessingInitializeOnLoad (10ms)
				EditorAssembliesLoaded (0ms)
			ExecutionOrderSort2 (0ms)
			AwakeInstancesAfterBackupRestoration (12ms)
Platform modules already initialized, skipping
Refreshing native plugins compatible for Editor in 2.18 ms, found 3 plugins.
Preloading 0 native plugins for Editor in 0.00 ms.
Unloading 2630 Unused Serialized files (Serialized files now loaded: 0)
Unloading 22 unused Assets / (102.5 KB). Loaded Objects now: 3131.
Memory consumption went from 118.6 MB to 118.5 MB.
Total: 3.041700 ms (FindLiveObjects: 0.227800 ms CreateObjectMapping: 0.134000 ms MarkObjects: 2.646300 ms  DeleteObjects: 0.032300 ms)

AssetImportParameters requested are different than current active one (requested -> active):
  custom:video-decoder-ogg-theora: a1e56fd34408186e4bbccfd4996cb3dc -> 
  custom:container-muxer-webm: aa71ff27fc2769a1b78a27578f13a17b -> 
  custom:container-demuxer-webm: 4f35f7cbe854078d1ac9338744f61a02 -> 
  custom:video-encoder-webm-vp8: eb34c28f22e8b96e1ab97ce403110664 -> 
  custom:audio-encoder-webm-vorbis: bf7c407c2cedff20999df2af8eb42d56 -> 
  custom:framework-win-MediaFoundation: 216162199b28c13a410421893ffa2e32 -> 
  custom:container-demuxer-ogg: 62fdf1f143b41e24485cea50d1cbac27 -> 
  custom:video-decoder-webm-vp8: 9c59270c3fd7afecdb556c50c9e8de78 -> 
  custom:audio-decoder-ogg-vorbis: bf7c407c2cedff20999df2af8eb42d56 -> 
